This file contains any messages produced by compilers while
running configure, to aid debugging if configure makes a mistake.

It was created by configure, which was
generated by GNU Autoconf 2.59.  Invocation command line was

  $ ./configure 

## --------- ##
## Platform. ##
## --------- ##

hostname = cuong-laptop
uname -m = i686
uname -r = 2.6.32-41-generic
uname -s = Linux
uname -v = #89-Ubuntu SMP Fri Apr 27 22:22:09 UTC 2012

/usr/bin/uname -p = unknown
/bin/uname -X     = unknown

/bin/arch              = unknown
/usr/bin/arch -k       = unknown
/usr/convex/getsysinfo = unknown
hostinfo               = unknown
/bin/machine           = unknown
/usr/bin/oslevel       = unknown
/bin/universe          = unknown

PATH: /usr/local/sbin
PATH: /usr/local/bin
PATH: /usr/sbin
PATH: /usr/bin
PATH: /sbin
PATH: /bin
PATH: /usr/games
PATH: /home/cuong/omnetpp-4.2.2/bin
PATH: /home/cuong/ns-allinone-2.34/bin
PATH: /home/cuong/ns-allinone-2.34/tcl8.4.18/unix
PATH: /home/cuong/ns-allinone-2.34/tk8.4.18/unix
PATH: /home/cuong/ns-allinone-2.34/ns-2.34/
PATH: /home/cuong/ns-allinone-2.34/nam-1.14/


## ----------- ##
## Core tests. ##
## ----------- ##

configure:1444: checking build system type
configure:1462: result: i686-pc-linux-gnu
configure:1470: checking host system type
configure:1484: result: i686-pc-linux-gnu
configure:1492: checking target system type
configure:1506: result: i686-pc-linux-gnu
configure:1567: checking for gcc
configure:1583: found /usr/bin/gcc
configure:1593: result: gcc
configure:1837: checking for C compiler version
configure:1840: gcc --version </dev/null >&5
gcc (Ubuntu 4.4.3-4ubuntu5.1) 4.4.3
Copyright (C) 2009 Free Software Foundation, Inc.
This is free software; see the source for copying conditions.  There is NO
warranty; not even for MERCHANTABILITY or FITNESS FOR A PARTICULAR PURPOSE.

configure:1843: $? = 0
configure:1845: gcc -v </dev/null >&5
Using built-in specs.
Target: i486-linux-gnu
Configured with: ../src/configure -v --with-pkgversion='Ubuntu 4.4.3-4ubuntu5.1' --with-bugurl=file:///usr/share/doc/gcc-4.4/README.Bugs --enable-languages=c,c++,fortran,objc,obj-c++ --prefix=/usr --enable-shared --enable-multiarch --enable-linker-build-id --with-system-zlib --libexecdir=/usr/lib --without-included-gettext --enable-threads=posix --with-gxx-include-dir=/usr/include/c++/4.4 --program-suffix=-4.4 --enable-nls --enable-clocale=gnu --enable-libstdcxx-debug --enable-plugin --enable-objc-gc --enable-targets=all --disable-werror --with-arch-32=i486 --with-tune=generic --enable-checking=release --build=i486-linux-gnu --host=i486-linux-gnu --target=i486-linux-gnu
Thread model: posix
gcc version 4.4.3 (Ubuntu 4.4.3-4ubuntu5.1) 
configure:1848: $? = 0
configure:1850: gcc -V </dev/null >&5
gcc: '-V' option must have argument
configure:1853: $? = 1
configure:1876: checking for C compiler default output file name
configure:1879: gcc    conftest.c  >&5
configure:1882: $? = 0
configure:1928: result: a.out
configure:1933: checking whether the C compiler works
configure:1939: ./a.out
configure:1942: $? = 0
configure:1959: result: yes
configure:1966: checking whether we are cross compiling
configure:1968: result: no
configure:1971: checking for suffix of executables
configure:1973: gcc -o conftest    conftest.c  >&5
configure:1976: $? = 0
configure:2001: result: 
configure:2007: checking for suffix of object files
configure:2028: gcc -c   conftest.c >&5
configure:2031: $? = 0
configure:2053: result: o
configure:2057: checking whether we are using the GNU C compiler
configure:2081: gcc -c   conftest.c >&5
configure:2087: $? = 0
configure:2091: test -z 
			 || test ! -s conftest.err
configure:2094: $? = 0
configure:2097: test -s conftest.o
configure:2100: $? = 0
configure:2113: result: yes
configure:2119: checking whether gcc accepts -g
configure:2140: gcc -c -g  conftest.c >&5
configure:2146: $? = 0
configure:2150: test -z 
			 || test ! -s conftest.err
configure:2153: $? = 0
configure:2156: test -s conftest.o
configure:2159: $? = 0
configure:2170: result: yes
configure:2187: checking for gcc option to accept ANSI C
configure:2257: gcc  -c -g -O2  conftest.c >&5
configure:2263: $? = 0
configure:2267: test -z 
			 || test ! -s conftest.err
configure:2270: $? = 0
configure:2273: test -s conftest.o
configure:2276: $? = 0
configure:2294: result: none needed
configure:2312: gcc -c -g -O2  conftest.c >&5
conftest.c:2: error: expected '=', ',', ';', 'asm' or '__attribute__' before 'me'
configure:2318: $? = 1
configure: failed program was:
| #ifndef __cplusplus
|   choke me
| #endif
configure:2503: checking for g++
configure:2519: found /usr/bin/g++
configure:2529: result: g++
configure:2545: checking for C++ compiler version
configure:2548: g++ --version </dev/null >&5
g++ (Ubuntu 4.4.3-4ubuntu5.1) 4.4.3
Copyright (C) 2009 Free Software Foundation, Inc.
This is free software; see the source for copying conditions.  There is NO
warranty; not even for MERCHANTABILITY or FITNESS FOR A PARTICULAR PURPOSE.

configure:2551: $? = 0
configure:2553: g++ -v </dev/null >&5
Using built-in specs.
Target: i486-linux-gnu
Configured with: ../src/configure -v --with-pkgversion='Ubuntu 4.4.3-4ubuntu5.1' --with-bugurl=file:///usr/share/doc/gcc-4.4/README.Bugs --enable-languages=c,c++,fortran,objc,obj-c++ --prefix=/usr --enable-shared --enable-multiarch --enable-linker-build-id --with-system-zlib --libexecdir=/usr/lib --without-included-gettext --enable-threads=posix --with-gxx-include-dir=/usr/include/c++/4.4 --program-suffix=-4.4 --enable-nls --enable-clocale=gnu --enable-libstdcxx-debug --enable-plugin --enable-objc-gc --enable-targets=all --disable-werror --with-arch-32=i486 --with-tune=generic --enable-checking=release --build=i486-linux-gnu --host=i486-linux-gnu --target=i486-linux-gnu
Thread model: posix
gcc version 4.4.3 (Ubuntu 4.4.3-4ubuntu5.1) 
configure:2556: $? = 0
configure:2558: g++ -V </dev/null >&5
g++: '-V' option must have argument
configure:2561: $? = 1
configure:2564: checking whether we are using the GNU C++ compiler
configure:2588: g++ -c   conftest.cc >&5
configure:2594: $? = 0
configure:2598: test -z 
			 || test ! -s conftest.err
configure:2601: $? = 0
configure:2604: test -s conftest.o
configure:2607: $? = 0
configure:2620: result: yes
configure:2626: checking whether g++ accepts -g
configure:2647: g++ -c -g  conftest.cc >&5
configure:2653: $? = 0
configure:2657: test -z 
			 || test ! -s conftest.err
configure:2660: $? = 0
configure:2663: test -s conftest.o
configure:2666: $? = 0
configure:2677: result: yes
configure:2719: g++ -c -g -O2  conftest.cc >&5
configure:2725: $? = 0
configure:2729: test -z 
			 || test ! -s conftest.err
configure:2732: $? = 0
configure:2735: test -s conftest.o
configure:2738: $? = 0
configure:2764: g++ -c -g -O2  conftest.cc >&5
conftest.cc: In function 'int main()':
conftest.cc:14: error: 'exit' was not declared in this scope
configure:2770: $? = 1
configure: failed program was:
| /* confdefs.h.  */
| 
| #define PACKAGE_NAME ""
| #define PACKAGE_TARNAME ""
| #define PACKAGE_VERSION ""
| #define PACKAGE_STRING ""
| #define PACKAGE_BUGREPORT ""
| #define _GNU_SOURCE 1
| /* end confdefs.h.  */
| 
| int
| main ()
| {
| exit (42);
|   ;
|   return 0;
| }
configure:2719: g++ -c -g -O2  conftest.cc >&5
conftest.cc:10: error: 'void std::exit(int)' should have been declared inside 'std'
configure:2725: $? = 1
configure: failed program was:
| /* confdefs.h.  */
| 
| #define PACKAGE_NAME ""
| #define PACKAGE_TARNAME ""
| #define PACKAGE_VERSION ""
| #define PACKAGE_STRING ""
| #define PACKAGE_BUGREPORT ""
| #define _GNU_SOURCE 1
| /* end confdefs.h.  */
| extern "C" void std::exit (int) throw (); using std::exit;
| #include <stdlib.h>
| int
| main ()
| {
| exit (42);
|   ;
|   return 0;
| }
configure:2719: g++ -c -g -O2  conftest.cc >&5
conftest.cc:10: error: 'void std::exit(int)' should have been declared inside 'std'
In file included from conftest.cc:11:
/usr/include/stdlib.h:543: error: declaration of 'void std::exit(int) throw ()' throws different exceptions
conftest.cc:10: error: from previous declaration 'void std::exit(int)'
configure:2725: $? = 1
configure: failed program was:
| /* confdefs.h.  */
| 
| #define PACKAGE_NAME ""
| #define PACKAGE_TARNAME ""
| #define PACKAGE_VERSION ""
| #define PACKAGE_STRING ""
| #define PACKAGE_BUGREPORT ""
| #define _GNU_SOURCE 1
| /* end confdefs.h.  */
| extern "C" void std::exit (int); using std::exit;
| #include <stdlib.h>
| int
| main ()
| {
| exit (42);
|   ;
|   return 0;
| }
configure:2719: g++ -c -g -O2  conftest.cc >&5
configure:2725: $? = 0
configure:2729: test -z 
			 || test ! -s conftest.err
configure:2732: $? = 0
configure:2735: test -s conftest.o
configure:2738: $? = 0
configure:2764: g++ -c -g -O2  conftest.cc >&5
configure:2770: $? = 0
configure:2774: test -z 
			 || test ! -s conftest.err
configure:2777: $? = 0
configure:2780: test -s conftest.o
configure:2783: $? = 0
configure:2812: checking how to run the C preprocessor
configure:2847: gcc -E  conftest.c
configure:2853: $? = 0
configure:2885: gcc -E  conftest.c
conftest.c:13:28: error: ac_nonexistent.h: No such file or directory
configure:2891: $? = 1
configure: failed program was:
| /* confdefs.h.  */
| 
| #define PACKAGE_NAME ""
| #define PACKAGE_TARNAME ""
| #define PACKAGE_VERSION ""
| #define PACKAGE_STRING ""
| #define PACKAGE_BUGREPORT ""
| #define _GNU_SOURCE 1
| #ifdef __cplusplus
| extern "C" void exit (int) throw ();
| #endif
| /* end confdefs.h.  */
| #include <ac_nonexistent.h>
configure:2930: result: gcc -E
configure:2954: gcc -E  conftest.c
configure:2960: $? = 0
configure:2992: gcc -E  conftest.c
conftest.c:13:28: error: ac_nonexistent.h: No such file or directory
configure:2998: $? = 1
configure: failed program was:
| /* confdefs.h.  */
| 
| #define PACKAGE_NAME ""
| #define PACKAGE_TARNAME ""
| #define PACKAGE_VERSION ""
| #define PACKAGE_STRING ""
| #define PACKAGE_BUGREPORT ""
| #define _GNU_SOURCE 1
| #ifdef __cplusplus
| extern "C" void exit (int) throw ();
| #endif
| /* end confdefs.h.  */
| #include <ac_nonexistent.h>
configure:3042: checking for egrep
configure:3052: result: grep -E
configure:3057: checking for ANSI C header files
configure:3082: gcc -c -g -O2  conftest.c >&5
configure:3088: $? = 0
configure:3092: test -z 
			 || test ! -s conftest.err
configure:3095: $? = 0
configure:3098: test -s conftest.o
configure:3101: $? = 0
configure:3190: gcc -o conftest -g -O2   conftest.c  >&5
conftest.c: In function 'main':
conftest.c:30: warning: incompatible implicit declaration of built-in function 'exit'
configure:3193: $? = 0
configure:3195: ./conftest
configure:3198: $? = 0
configure:3213: result: yes
configure:3237: checking for sys/types.h
configure:3253: gcc -c -g -O2  conftest.c >&5
configure:3259: $? = 0
configure:3263: test -z 
			 || test ! -s conftest.err
configure:3266: $? = 0
configure:3269: test -s conftest.o
configure:3272: $? = 0
configure:3283: result: yes
configure:3237: checking for sys/stat.h
configure:3253: gcc -c -g -O2  conftest.c >&5
configure:3259: $? = 0
configure:3263: test -z 
			 || test ! -s conftest.err
configure:3266: $? = 0
configure:3269: test -s conftest.o
configure:3272: $? = 0
configure:3283: result: yes
configure:3237: checking for stdlib.h
configure:3253: gcc -c -g -O2  conftest.c >&5
configure:3259: $? = 0
configure:3263: test -z 
			 || test ! -s conftest.err
configure:3266: $? = 0
configure:3269: test -s conftest.o
configure:3272: $? = 0
configure:3283: result: yes
configure:3237: checking for string.h
configure:3253: gcc -c -g -O2  conftest.c >&5
configure:3259: $? = 0
configure:3263: test -z 
			 || test ! -s conftest.err
configure:3266: $? = 0
configure:3269: test -s conftest.o
configure:3272: $? = 0
configure:3283: result: yes
configure:3237: checking for memory.h
configure:3253: gcc -c -g -O2  conftest.c >&5
configure:3259: $? = 0
configure:3263: test -z 
			 || test ! -s conftest.err
configure:3266: $? = 0
configure:3269: test -s conftest.o
configure:3272: $? = 0
configure:3283: result: yes
configure:3237: checking for strings.h
configure:3253: gcc -c -g -O2  conftest.c >&5
configure:3259: $? = 0
configure:3263: test -z 
			 || test ! -s conftest.err
configure:3266: $? = 0
configure:3269: test -s conftest.o
configure:3272: $? = 0
configure:3283: result: yes
configure:3237: checking for inttypes.h
configure:3253: gcc -c -g -O2  conftest.c >&5
configure:3259: $? = 0
configure:3263: test -z 
			 || test ! -s conftest.err
configure:3266: $? = 0
configure:3269: test -s conftest.o
configure:3272: $? = 0
configure:3283: result: yes
configure:3237: checking for stdint.h
configure:3253: gcc -c -g -O2  conftest.c >&5
configure:3259: $? = 0
configure:3263: test -z 
			 || test ! -s conftest.err
configure:3266: $? = 0
configure:3269: test -s conftest.o
configure:3272: $? = 0
configure:3283: result: yes
configure:3237: checking for unistd.h
configure:3253: gcc -c -g -O2  conftest.c >&5
configure:3259: $? = 0
configure:3263: test -z 
			 || test ! -s conftest.err
configure:3266: $? = 0
configure:3269: test -s conftest.o
configure:3272: $? = 0
configure:3283: result: yes
configure:3300: checking for string.h
configure:3305: result: yes
configure:3455: checking for main in -lXbsd
configure:3479: gcc -o conftest -g -O2   conftest.c -lXbsd   >&5
/usr/bin/ld: cannot find -lXbsd
collect2: ld returned 1 exit status
configure:3485: $? = 1
configure: failed program was:
| /* confdefs.h.  */
| 
| #define PACKAGE_NAME ""
| #define PACKAGE_TARNAME ""
| #define PACKAGE_VERSION ""
| #define PACKAGE_STRING ""
| #define PACKAGE_BUGREPORT ""
| #define _GNU_SOURCE 1
| #ifdef __cplusplus
| extern "C" void exit (int) throw ();
| #endif
| #define STDC_HEADERS 1
| #define HAVE_SYS_TYPES_H 1
| #define HAVE_SYS_STAT_H 1
| #define HAVE_STDLIB_H 1
| #define HAVE_STRING_H 1
| #define HAVE_MEMORY_H 1
| #define HAVE_STRINGS_H 1
| #define HAVE_INTTYPES_H 1
| #define HAVE_STDINT_H 1
| #define HAVE_UNISTD_H 1
| #define HAVE_STRING_H 1
| /* end confdefs.h.  */
| 
| 
| int
| main ()
| {
| main ();
|   ;
|   return 0;
| }
configure:3511: result: no
configure:3517: checking for socket in -lsocket
configure:3547: gcc -o conftest -g -O2   conftest.c -lsocket   >&5
/usr/bin/ld: cannot find -lsocket
collect2: ld returned 1 exit status
configure:3553: $? = 1
configure: failed program was:
| /* confdefs.h.  */
| 
| #define PACKAGE_NAME ""
| #define PACKAGE_TARNAME ""
| #define PACKAGE_VERSION ""
| #define PACKAGE_STRING ""
| #define PACKAGE_BUGREPORT ""
| #define _GNU_SOURCE 1
| #ifdef __cplusplus
| extern "C" void exit (int) throw ();
| #endif
| #define STDC_HEADERS 1
| #define HAVE_SYS_TYPES_H 1
| #define HAVE_SYS_STAT_H 1
| #define HAVE_STDLIB_H 1
| #define HAVE_STRING_H 1
| #define HAVE_MEMORY_H 1
| #define HAVE_STRINGS_H 1
| #define HAVE_INTTYPES_H 1
| #define HAVE_STDINT_H 1
| #define HAVE_UNISTD_H 1
| #define HAVE_STRING_H 1
| /* end confdefs.h.  */
| 
| /* Override any gcc2 internal prototype to avoid an error.  */
| #ifdef __cplusplus
| extern "C"
| #endif
| /* We use char because int might match the return type of a gcc2
|    builtin and then its argument prototype would still apply.  */
| char socket ();
| int
| main ()
| {
| socket ();
|   ;
|   return 0;
| }
configure:3579: result: no
configure:3585: checking for gethostbyname in -lnsl
configure:3615: gcc -o conftest -g -O2   conftest.c -lnsl   >&5
configure:3621: $? = 0
configure:3625: test -z 
			 || test ! -s conftest.err
configure:3628: $? = 0
configure:3631: test -s conftest
configure:3634: $? = 0
configure:3647: result: yes
configure:3653: checking for dcgettext in -lintl
configure:3683: gcc -o conftest -g -O2   conftest.c -lintl   >&5
conftest.c:31: warning: conflicting types for built-in function 'dcgettext'
/usr/bin/ld: cannot find -lintl
collect2: ld returned 1 exit status
configure:3689: $? = 1
configure: failed program was:
| /* confdefs.h.  */
| 
| #define PACKAGE_NAME ""
| #define PACKAGE_TARNAME ""
| #define PACKAGE_VERSION ""
| #define PACKAGE_STRING ""
| #define PACKAGE_BUGREPORT ""
| #define _GNU_SOURCE 1
| #ifdef __cplusplus
| extern "C" void exit (int) throw ();
| #endif
| #define STDC_HEADERS 1
| #define HAVE_SYS_TYPES_H 1
| #define HAVE_SYS_STAT_H 1
| #define HAVE_STDLIB_H 1
| #define HAVE_STRING_H 1
| #define HAVE_MEMORY_H 1
| #define HAVE_STRINGS_H 1
| #define HAVE_INTTYPES_H 1
| #define HAVE_STDINT_H 1
| #define HAVE_UNISTD_H 1
| #define HAVE_STRING_H 1
| /* end confdefs.h.  */
| 
| /* Override any gcc2 internal prototype to avoid an error.  */
| #ifdef __cplusplus
| extern "C"
| #endif
| /* We use char because int might match the return type of a gcc2
|    builtin and then its argument prototype would still apply.  */
| char dcgettext ();
| int
| main ()
| {
| dcgettext ();
|   ;
|   return 0;
| }
configure:3715: result: no
configure:3721: checking for getnodebyname in -ldnet_stub
configure:3751: gcc -o conftest -g -O2   conftest.c -ldnet_stub   >&5
/usr/bin/ld: cannot find -ldnet_stub
collect2: ld returned 1 exit status
configure:3757: $? = 1
configure: failed program was:
| /* confdefs.h.  */
| 
| #define PACKAGE_NAME ""
| #define PACKAGE_TARNAME ""
| #define PACKAGE_VERSION ""
| #define PACKAGE_STRING ""
| #define PACKAGE_BUGREPORT ""
| #define _GNU_SOURCE 1
| #ifdef __cplusplus
| extern "C" void exit (int) throw ();
| #endif
| #define STDC_HEADERS 1
| #define HAVE_SYS_TYPES_H 1
| #define HAVE_SYS_STAT_H 1
| #define HAVE_STDLIB_H 1
| #define HAVE_STRING_H 1
| #define HAVE_MEMORY_H 1
| #define HAVE_STRINGS_H 1
| #define HAVE_INTTYPES_H 1
| #define HAVE_STDINT_H 1
| #define HAVE_UNISTD_H 1
| #define HAVE_STRING_H 1
| /* end confdefs.h.  */
| 
| /* Override any gcc2 internal prototype to avoid an error.  */
| #ifdef __cplusplus
| extern "C"
| #endif
| /* We use char because int might match the return type of a gcc2
|    builtin and then its argument prototype would still apply.  */
| char getnodebyname ();
| int
| main ()
| {
| getnodebyname ();
|   ;
|   return 0;
| }
configure:3783: result: no
configure:3829: checking that g++ can handle -O2
configure:3855: gcc -c -g -O2  conftest.c >&5
conftest.c: In function 'main':
conftest.c:30: error: 'error' undeclared (first use in this function)
conftest.c:30: error: (Each undeclared identifier is reported only once
conftest.c:30: error: for each function it appears in.)
conftest.c:34: error: expected ';' before 'int'
configure:3861: $? = 1
configure: failed program was:
| /* confdefs.h.  */
| 
| #define PACKAGE_NAME ""
| #define PACKAGE_TARNAME ""
| #define PACKAGE_VERSION ""
| #define PACKAGE_STRING ""
| #define PACKAGE_BUGREPORT ""
| #define _GNU_SOURCE 1
| #ifdef __cplusplus
| extern "C" void exit (int) throw ();
| #endif
| #define STDC_HEADERS 1
| #define HAVE_SYS_TYPES_H 1
| #define HAVE_SYS_STAT_H 1
| #define HAVE_STDLIB_H 1
| #define HAVE_STRING_H 1
| #define HAVE_MEMORY_H 1
| #define HAVE_STRINGS_H 1
| #define HAVE_INTTYPES_H 1
| #define HAVE_STDINT_H 1
| #define HAVE_UNISTD_H 1
| #define HAVE_STRING_H 1
| /* end confdefs.h.  */
| 
| int
| main ()
| {
| #if __GNUC__ < 2  || __GNUC_MINOR__ < 8
| 		/* gcc */
| 		error
| 		#endif
| 		#if __GNUC_MINOR__ < 92
| 		/* egcs */
| 		int error;
| 		#endif
| 
|   ;
|   return 0;
| }
configure:3884: result: no
configure:4002: checking if C++ libraries work without any namespace
configure:4023: g++ -c -g -O2  conftest.cc >&5
conftest.cc: In function 'int main()':
conftest.cc:29: error: 'cout' was not declared in this scope
configure:4029: $? = 1
configure: failed program was:
| /* confdefs.h.  */
| 
| #define PACKAGE_NAME ""
| #define PACKAGE_TARNAME ""
| #define PACKAGE_VERSION ""
| #define PACKAGE_STRING ""
| #define PACKAGE_BUGREPORT ""
| #define _GNU_SOURCE 1
| #ifdef __cplusplus
| extern "C" void exit (int) throw ();
| #endif
| #define STDC_HEADERS 1
| #define HAVE_SYS_TYPES_H 1
| #define HAVE_SYS_STAT_H 1
| #define HAVE_STDLIB_H 1
| #define HAVE_STRING_H 1
| #define HAVE_MEMORY_H 1
| #define HAVE_STRINGS_H 1
| #define HAVE_INTTYPES_H 1
| #define HAVE_STDINT_H 1
| #define HAVE_UNISTD_H 1
| #define HAVE_STRING_H 1
| /* end confdefs.h.  */
| #include <iostream>
| 
| int
| main ()
| {
| cout.fail();
| 
|   ;
|   return 0;
| }
configure:4052: result: no
configure:4060: checking if C++ libraries work with namespace std
configure:4081: g++ -c -g -O2  conftest.cc >&5
configure:4087: $? = 0
configure:4091: test -z 
			 || test ! -s conftest.err
configure:4094: $? = 0
configure:4097: test -s conftest.o
configure:4100: $? = 0
configure:4102: result: yes
configure:4119: checking if STL works without any namespace
configure:4139: g++ -c -g -O2  conftest.cc >&5
conftest.cc: In function 'int main()':
conftest.cc:29: error: 'list' was not declared in this scope
conftest.cc:29: error: expected primary-expression before 'int'
conftest.cc:29: error: expected ';' before 'int'
configure:4145: $? = 1
configure: failed program was:
| /* confdefs.h.  */
| 
| #define PACKAGE_NAME ""
| #define PACKAGE_TARNAME ""
| #define PACKAGE_VERSION ""
| #define PACKAGE_STRING ""
| #define PACKAGE_BUGREPORT ""
| #define _GNU_SOURCE 1
| #ifdef __cplusplus
| extern "C" void exit (int) throw ();
| #endif
| #define STDC_HEADERS 1
| #define HAVE_SYS_TYPES_H 1
| #define HAVE_SYS_STAT_H 1
| #define HAVE_STDLIB_H 1
| #define HAVE_STRING_H 1
| #define HAVE_MEMORY_H 1
| #define HAVE_STRINGS_H 1
| #define HAVE_INTTYPES_H 1
| #define HAVE_STDINT_H 1
| #define HAVE_UNISTD_H 1
| #define HAVE_STRING_H 1
| /* end confdefs.h.  */
| #include <list>
| 
| int
| main ()
| {
| list<int> test;
| 
|   ;
|   return 0;
| }
configure:4168: result: no
configure:4176: checking if STL works with namespace std
configure:4197: g++ -c -g -O2  conftest.cc >&5
configure:4203: $? = 0
configure:4207: test -z 
			 || test ! -s conftest.err
configure:4210: $? = 0
configure:4213: test -s conftest.o
configure:4216: $? = 0
configure:4218: result: yes
configure:4299: checking should use STL
configure:4324: result: yes
configure:4547: checking for tcl.h
configure:4600: result: -I../include
configure:4606: checking for libtcl8.4
configure:4670: result: -L../lib -ltcl8.4
configure:4676: checking for init.tcl
configure:4715: result: ../lib/tcl8.4
configure:4732: checking for tclsh8.4.18
configure:4765: result: no
configure:4732: checking for tclsh8.4
configure:4750: found ../bin/tclsh8.4
configure:4762: result: ../bin/tclsh8.4
configure:4993: checking for tk.h
configure:5046: result: -I../include
configure:5052: checking for libtk8.4
configure:5116: result: -L../lib -ltk8.4
configure:5122: checking for tk.tcl
configure:5161: result: ../lib/tk8.4
configure:5260: checking for otcl.h
configure:5313: result: -I../otcl
configure:5319: checking for libotcl1.13
configure:5383: result: -L../otcl -lotcl
configure:5510: checking for tclcl.h
configure:5563: result: -I../tclcl-1.19
configure:5569: checking for libtclcl
configure:5633: result: -L../tclcl-1.19 -ltclcl
configure:5639: checking for tcl2c++
configure:5678: result: ../tclcl-1.19
configure:5881: gcc -E  conftest.c
configure:5887: $? = 0
configure:5927: checking for XOpenDisplay in -lX11
configure:5957: gcc -o conftest -g -O2   conftest.c -lX11   >&5
configure:5963: $? = 0
configure:5967: test -z 
			 || test ! -s conftest.err
configure:5970: $? = 0
configure:5973: test -s conftest
configure:5976: $? = 0
configure:5989: result: yes
configure:6015: checking for XShmAttach in -lXext
configure:6045: gcc -o conftest -g -O2   conftest.c -lXext -lX11  >&5
configure:6051: $? = 0
configure:6055: test -z 
			 || test ! -s conftest.err
configure:6058: $? = 0
configure:6061: test -s conftest
configure:6064: $? = 0
configure:6077: result: yes
configure:6148: checking for libtcldbg
configure:6193: result: no
configure:6303: checking dmalloc
configure:6305: result: not requested with --with-dmalloc
configure:6586: checking for perl
configure:6625: result: /usr/bin
/usr/bin/perl -e require 5.002
configure:6734: checking for ANSI C header files
configure:6890: result: yes
configure:6922: checking arpa/inet.h usability
configure:6934: gcc -c -g -O2  conftest.c >&5
configure:6940: $? = 0
configure:6944: test -z 
			 || test ! -s conftest.err
configure:6947: $? = 0
configure:6950: test -s conftest.o
configure:6953: $? = 0
configure:6963: result: yes
configure:6967: checking arpa/inet.h presence
configure:6977: gcc -E  conftest.c
configure:6983: $? = 0
configure:7003: result: yes
configure:7038: checking for arpa/inet.h
configure:7045: result: yes
configure:6922: checking fenv.h usability
configure:6934: gcc -c -g -O2  conftest.c >&5
configure:6940: $? = 0
configure:6944: test -z 
			 || test ! -s conftest.err
configure:6947: $? = 0
configure:6950: test -s conftest.o
configure:6953: $? = 0
configure:6963: result: yes
configure:6967: checking fenv.h presence
configure:6977: gcc -E  conftest.c
configure:6983: $? = 0
configure:7003: result: yes
configure:7038: checking for fenv.h
configure:7045: result: yes
configure:6922: checking netinet/in.h usability
configure:6934: gcc -c -g -O2  conftest.c >&5
configure:6940: $? = 0
configure:6944: test -z 
			 || test ! -s conftest.err
configure:6947: $? = 0
configure:6950: test -s conftest.o
configure:6953: $? = 0
configure:6963: result: yes
configure:6967: checking netinet/in.h presence
configure:6977: gcc -E  conftest.c
configure:6983: $? = 0
configure:7003: result: yes
configure:7038: checking for netinet/in.h
configure:7045: result: yes
configure:6913: checking for string.h
configure:6918: result: yes
configure:6913: checking for strings.h
configure:6918: result: yes
configure:6922: checking time.h usability
configure:6934: gcc -c -g -O2  conftest.c >&5
configure:6940: $? = 0
configure:6944: test -z 
			 || test ! -s conftest.err
configure:6947: $? = 0
configure:6950: test -s conftest.o
configure:6953: $? = 0
configure:6963: result: yes
configure:6967: checking time.h presence
configure:6977: gcc -E  conftest.c
configure:6983: $? = 0
configure:7003: result: yes
configure:7038: checking for time.h
configure:7045: result: yes
configure:6913: checking for unistd.h
configure:6918: result: yes
configure:6922: checking net/ethernet.h usability
configure:6934: gcc -c -g -O2  conftest.c >&5
configure:6940: $? = 0
configure:6944: test -z 
			 || test ! -s conftest.err
configure:6947: $? = 0
configure:6950: test -s conftest.o
configure:6953: $? = 0
configure:6963: result: yes
configure:6967: checking net/ethernet.h presence
configure:6977: gcc -E  conftest.c
configure:6983: $? = 0
configure:7003: result: yes
configure:7038: checking for net/ethernet.h
configure:7045: result: yes
configure:7059: checking for main in -lm
configure:7083: gcc -o conftest -g -O2   conftest.c -lm   >&5
configure:7089: $? = 0
configure:7093: test -z 
			 || test ! -s conftest.err
configure:7096: $? = 0
configure:7099: test -s conftest
configure:7102: $? = 0
configure:7115: result: yes
configure:7140: checking for bcopy
configure:7197: gcc -o conftest -g -O2   conftest.c -lm  >&5
conftest.c:68: warning: conflicting types for built-in function 'bcopy'
configure:7203: $? = 0
configure:7207: test -z 
			 || test ! -s conftest.err
configure:7210: $? = 0
configure:7213: test -s conftest
configure:7216: $? = 0
configure:7228: result: yes
configure:7140: checking for bzero
configure:7197: gcc -o conftest -g -O2   conftest.c -lm  >&5
conftest.c:69: warning: conflicting types for built-in function 'bzero'
configure:7203: $? = 0
configure:7207: test -z 
			 || test ! -s conftest.err
configure:7210: $? = 0
configure:7213: test -s conftest
configure:7216: $? = 0
configure:7228: result: yes
configure:7140: checking for fesetprecision
configure:7197: gcc -o conftest -g -O2   conftest.c -lm  >&5
/tmp/ccIGkjkq.o: In function `main':
/home/cuong/ns-allinone-2.34/ns-2.33-tora/conftest.c:85: undefined reference to `fesetprecision'
/tmp/ccIGkjkq.o:(.data+0x0): undefined reference to `fesetprecision'
collect2: ld returned 1 exit status
configure:7203: $? = 1
configure: failed program was:
| /* confdefs.h.  */
| 
| #define PACKAGE_NAME ""
| #define PACKAGE_TARNAME ""
| #define PACKAGE_VERSION ""
| #define PACKAGE_STRING ""
| #define PACKAGE_BUGREPORT ""
| #define _GNU_SOURCE 1
| #ifdef __cplusplus
| extern "C" void exit (int) throw ();
| #endif
| #define STDC_HEADERS 1
| #define HAVE_SYS_TYPES_H 1
| #define HAVE_SYS_STAT_H 1
| #define HAVE_STDLIB_H 1
| #define HAVE_STRING_H 1
| #define HAVE_MEMORY_H 1
| #define HAVE_STRINGS_H 1
| #define HAVE_INTTYPES_H 1
| #define HAVE_STDINT_H 1
| #define HAVE_UNISTD_H 1
| #define HAVE_STRING_H 1
| #define HAVE_STL 1
| #define CPP_REQUIRES_NAMESPACE 1
| #define HAVE_TCL_H 1
| #define HAVE_LIBTCL8_4 1
| #define HAVE_TK_H 1
| #define HAVE_LIBTK8_4 1
| #define HAVE_OTCL_H 1
| #define HAVE_LIBOTCL1_13 1
| #define HAVE_TCLCL_H 1
| #define HAVE_LIBTCLCL 1
| #define STDC_HEADERS 1
| #define HAVE_ARPA_INET_H 1
| #define HAVE_FENV_H 1
| #define HAVE_NETINET_IN_H 1
| #define HAVE_STRING_H 1
| #define HAVE_STRINGS_H 1
| #define HAVE_TIME_H 1
| #define HAVE_UNISTD_H 1
| #define HAVE_NET_ETHERNET_H 1
| #define HAVE_LIBM 1
| #define HAVE_BCOPY 1
| #define HAVE_BZERO 1
| /* end confdefs.h.  */
| /* Define fesetprecision to an innocuous variant, in case <limits.h> declares fesetprecision.
|    For example, HP-UX 11i <limits.h> declares gettimeofday.  */
| #define fesetprecision innocuous_fesetprecision
| 
| /* System header to define __stub macros and hopefully few prototypes,
|     which can conflict with char fesetprecision (); below.
|     Prefer <limits.h> to <assert.h> if __STDC__ is defined, since
|     <limits.h> exists even on freestanding compilers.  */
| 
| #ifdef __STDC__
| # include <limits.h>
| #else
| # include <assert.h>
| #endif
| 
| #undef fesetprecision
| 
| /* Override any gcc2 internal prototype to avoid an error.  */
| #ifdef __cplusplus
| extern "C"
| {
| #endif
| /* We use char because int might match the return type of a gcc2
|    builtin and then its argument prototype would still apply.  */
| char fesetprecision ();
| /* The GNU C library defines this for functions which it implements
|     to always fail with ENOSYS.  Some functions are actually named
|     something starting with __ and the normal name is an alias.  */
| #if defined (__stub_fesetprecision) || defined (__stub___fesetprecision)
| choke me
| #else
| char (*f) () = fesetprecision;
| #endif
| #ifdef __cplusplus
| }
| #endif
| 
| int
| main ()
| {
| return f != fesetprecision;
|   ;
|   return 0;
| }
configure:7228: result: no
configure:7140: checking for feenableexcept
configure:7197: gcc -o conftest -g -O2   conftest.c -lm  >&5
configure:7203: $? = 0
configure:7207: test -z 
			 || test ! -s conftest.err
configure:7210: $? = 0
configure:7213: test -s conftest
configure:7216: $? = 0
configure:7228: result: yes
configure:7140: checking for getrusage
configure:7197: gcc -o conftest -g -O2   conftest.c -lm  >&5
configure:7203: $? = 0
configure:7207: test -z 
			 || test ! -s conftest.err
configure:7210: $? = 0
configure:7213: test -s conftest
configure:7216: $? = 0
configure:7228: result: yes
configure:7140: checking for sbrk
configure:7197: gcc -o conftest -g -O2   conftest.c -lm  >&5
configure:7203: $? = 0
configure:7207: test -z 
			 || test ! -s conftest.err
configure:7210: $? = 0
configure:7213: test -s conftest
configure:7216: $? = 0
configure:7228: result: yes
configure:7140: checking for snprintf
configure:7197: gcc -o conftest -g -O2   conftest.c -lm  >&5
conftest.c:73: warning: conflicting types for built-in function 'snprintf'
configure:7203: $? = 0
configure:7207: test -z 
			 || test ! -s conftest.err
configure:7210: $? = 0
configure:7213: test -s conftest
configure:7216: $? = 0
configure:7228: result: yes
configure:7239: checking return type of random
configure:7264: gcc -o conftest -g -O2   conftest.c -lm  >&5
configure:7267: $? = 0
configure:7269: ./conftest
configure:7272: $? = 0
configure:7274: result: long
configure:7298: checking for int8_t
configure:7322: gcc -c -g -O2  conftest.c >&5
configure:7328: $? = 0
configure:7332: test -z 
			 || test ! -s conftest.err
configure:7335: $? = 0
configure:7338: test -s conftest.o
configure:7341: $? = 0
configure:7352: result: yes
configure:7364: checking for int16_t
configure:7388: gcc -c -g -O2  conftest.c >&5
configure:7394: $? = 0
configure:7398: test -z 
			 || test ! -s conftest.err
configure:7401: $? = 0
configure:7404: test -s conftest.o
configure:7407: $? = 0
configure:7418: result: yes
configure:7430: checking for int32_t
configure:7454: gcc -c -g -O2  conftest.c >&5
configure:7460: $? = 0
configure:7464: test -z 
			 || test ! -s conftest.err
configure:7467: $? = 0
configure:7470: test -s conftest.o
configure:7473: $? = 0
configure:7484: result: yes
configure:7496: checking for u_int8_t
configure:7520: gcc -c -g -O2  conftest.c >&5
configure:7526: $? = 0
configure:7530: test -z 
			 || test ! -s conftest.err
configure:7533: $? = 0
configure:7536: test -s conftest.o
configure:7539: $? = 0
configure:7550: result: yes
configure:7562: checking for u_int16_t
configure:7586: gcc -c -g -O2  conftest.c >&5
configure:7592: $? = 0
configure:7596: test -z 
			 || test ! -s conftest.err
configure:7599: $? = 0
configure:7602: test -s conftest.o
configure:7605: $? = 0
configure:7616: result: yes
configure:7628: checking for u_int32_t
configure:7652: gcc -c -g -O2  conftest.c >&5
configure:7658: $? = 0
configure:7662: test -z 
			 || test ! -s conftest.err
configure:7665: $? = 0
configure:7668: test -s conftest.o
configure:7671: $? = 0
configure:7682: result: yes
configure:7694: checking for u_char
configure:7718: gcc -c -g -O2  conftest.c >&5
configure:7724: $? = 0
configure:7728: test -z 
			 || test ! -s conftest.err
configure:7731: $? = 0
configure:7734: test -s conftest.o
configure:7737: $? = 0
configure:7748: result: yes
configure:7760: checking for u_int
configure:7784: gcc -c -g -O2  conftest.c >&5
configure:7790: $? = 0
configure:7794: test -z 
			 || test ! -s conftest.err
configure:7797: $? = 0
configure:7800: test -s conftest.o
configure:7803: $? = 0
configure:7814: result: yes
configure:7833: checking for strtoq
configure:7890: gcc -o conftest -g -O2   conftest.c -lm  >&5
configure:7896: $? = 0
configure:7900: test -z 
			 || test ! -s conftest.err
configure:7903: $? = 0
configure:7906: test -s conftest
configure:7909: $? = 0
configure:7921: result: yes
configure:7833: checking for strtoll
configure:7890: gcc -o conftest -g -O2   conftest.c -lm  >&5
configure:7896: $? = 0
configure:7900: test -z 
			 || test ! -s conftest.err
configure:7903: $? = 0
configure:7906: test -s conftest
configure:7909: $? = 0
configure:7921: result: yes
configure:7936: checking for long
configure:7960: gcc -c -g -O2  conftest.c >&5
configure:7966: $? = 0
configure:7970: test -z 
			 || test ! -s conftest.err
configure:7973: $? = 0
configure:7976: test -s conftest.o
configure:7979: $? = 0
configure:7990: result: yes
configure:7993: checking size of long
configure:8312: gcc -o conftest -g -O2   conftest.c -lm  >&5
configure:8315: $? = 0
configure:8317: ./conftest
configure:8320: $? = 0
configure:8343: result: 4
configure:8446: checking for __int64_t
configure:8466: gcc -o conftest -g -O2   conftest.c -lm  >&5
conftest.c: In function 'main':
conftest.c:55: error: '__int64_t' undeclared (first use in this function)
conftest.c:55: error: (Each undeclared identifier is reported only once
conftest.c:55: error: for each function it appears in.)
conftest.c:55: error: expected ';' before 'x'
conftest.c:55: warning: incompatible implicit declaration of built-in function 'exit'
conftest.c:55: error: 'x' undeclared (first use in this function)
configure:8469: $? = 1
configure: program exited with status 1
configure: failed program was:
| /* confdefs.h.  */
| 
| #define PACKAGE_NAME ""
| #define PACKAGE_TARNAME ""
| #define PACKAGE_VERSION ""
| #define PACKAGE_STRING ""
| #define PACKAGE_BUGREPORT ""
| #define _GNU_SOURCE 1
| #ifdef __cplusplus
| extern "C" void exit (int) throw ();
| #endif
| #define STDC_HEADERS 1
| #define HAVE_SYS_TYPES_H 1
| #define HAVE_SYS_STAT_H 1
| #define HAVE_STDLIB_H 1
| #define HAVE_STRING_H 1
| #define HAVE_MEMORY_H 1
| #define HAVE_STRINGS_H 1
| #define HAVE_INTTYPES_H 1
| #define HAVE_STDINT_H 1
| #define HAVE_UNISTD_H 1
| #define HAVE_STRING_H 1
| #define HAVE_STL 1
| #define CPP_REQUIRES_NAMESPACE 1
| #define HAVE_TCL_H 1
| #define HAVE_LIBTCL8_4 1
| #define HAVE_TK_H 1
| #define HAVE_LIBTK8_4 1
| #define HAVE_OTCL_H 1
| #define HAVE_LIBOTCL1_13 1
| #define HAVE_TCLCL_H 1
| #define HAVE_LIBTCLCL 1
| #define STDC_HEADERS 1
| #define HAVE_ARPA_INET_H 1
| #define HAVE_FENV_H 1
| #define HAVE_NETINET_IN_H 1
| #define HAVE_STRING_H 1
| #define HAVE_STRINGS_H 1
| #define HAVE_TIME_H 1
| #define HAVE_UNISTD_H 1
| #define HAVE_NET_ETHERNET_H 1
| #define HAVE_LIBM 1
| #define HAVE_BCOPY 1
| #define HAVE_BZERO 1
| #define HAVE_FEENABLEEXCEPT 1
| #define HAVE_GETRUSAGE 1
| #define HAVE_SBRK 1
| #define HAVE_SNPRINTF 1
| #define RANDOM_RETURN_TYPE long
| #define HAVE_STRTOQ 1
| #define HAVE_STRTOLL 1
| #define SIZEOF_LONG 4
| /* end confdefs.h.  */
| 
| main() { __int64_t x; exit (sizeof(x) >= 8 ? 0 : 1); }
| 
configure:8488: result: no
configure:8494: checking for long long
configure:8514: gcc -o conftest -g -O2   conftest.c -lm  >&5
conftest.c: In function 'main':
conftest.c:55: warning: incompatible implicit declaration of built-in function 'exit'
configure:8517: $? = 0
configure:8519: ./conftest
configure:8522: $? = 0
configure:8536: result: yes
configure:8544: checking for int64_t
configure:8570: result: yes
configure:8580: checking which kind of 64-bit int to use
configure:8592: result: int64_t
configure:8665: checking system version (for dynamic loading)
configure:8685: result: Linux-2.6.32-41-generic
configure:8693: checking for dlopen in -ldl
configure:8723: gcc -o conftest -g -O2   conftest.c -ldl  -lm  >&5
configure:8729: $? = 0
configure:8733: test -z 
			 || test ! -s conftest.err
configure:8736: $? = 0
configure:8739: test -s conftest
configure:8742: $? = 0
configure:8755: result: yes
configure:9511: checking dlfcn.h usability
configure:9523: gcc -c -g -O2  conftest.c >&5
configure:9529: $? = 0
configure:9533: test -z 
			 || test ! -s conftest.err
configure:9536: $? = 0
configure:9539: test -s conftest.o
configure:9542: $? = 0
configure:9552: result: yes
configure:9556: checking dlfcn.h presence
configure:9566: gcc -E  conftest.c
configure:9572: $? = 0
configure:9592: result: yes
configure:9627: checking for dlfcn.h
configure:9634: result: yes
configure:9647: checking for ns library name
configure:9650: result: libns.so
configure:9660: checking for struct ether_header
configure:9688: gcc -c -g -O2  conftest.c >&5
configure:9694: $? = 0
configure:9698: test -z 
			 || test ! -s conftest.err
configure:9701: $? = 0
configure:9704: test -s conftest.o
configure:9707: $? = 0
configure:9714: result: found
configure:9729: checking for struct ether_addr
configure:9757: gcc -c -g -O2  conftest.c >&5
configure:9763: $? = 0
configure:9767: test -z 
			 || test ! -s conftest.err
configure:9770: $? = 0
configure:9773: test -s conftest.o
configure:9776: $? = 0
configure:9783: result: found
configure:9802: checking for addr2ascii
configure:9859: gcc -o conftest -g -O2   -Wl,-export-dynamic conftest.c -lm  >&5
/tmp/ccSLqyQU.o: In function `main':
/home/cuong/ns-allinone-2.34/ns-2.33-tora/conftest.c:96: undefined reference to `addr2ascii'
/tmp/ccSLqyQU.o:(.data+0x0): undefined reference to `addr2ascii'
collect2: ld returned 1 exit status
configure:9865: $? = 1
configure: failed program was:
| /* confdefs.h.  */
| 
| #define PACKAGE_NAME ""
| #define PACKAGE_TARNAME ""
| #define PACKAGE_VERSION ""
| #define PACKAGE_STRING ""
| #define PACKAGE_BUGREPORT ""
| #define _GNU_SOURCE 1
| #ifdef __cplusplus
| extern "C" void exit (int) throw ();
| #endif
| #define STDC_HEADERS 1
| #define HAVE_SYS_TYPES_H 1
| #define HAVE_SYS_STAT_H 1
| #define HAVE_STDLIB_H 1
| #define HAVE_STRING_H 1
| #define HAVE_MEMORY_H 1
| #define HAVE_STRINGS_H 1
| #define HAVE_INTTYPES_H 1
| #define HAVE_STDINT_H 1
| #define HAVE_UNISTD_H 1
| #define HAVE_STRING_H 1
| #define HAVE_STL 1
| #define CPP_REQUIRES_NAMESPACE 1
| #define HAVE_TCL_H 1
| #define HAVE_LIBTCL8_4 1
| #define HAVE_TK_H 1
| #define HAVE_LIBTK8_4 1
| #define HAVE_OTCL_H 1
| #define HAVE_LIBOTCL1_13 1
| #define HAVE_TCLCL_H 1
| #define HAVE_LIBTCLCL 1
| #define STDC_HEADERS 1
| #define HAVE_ARPA_INET_H 1
| #define HAVE_FENV_H 1
| #define HAVE_NETINET_IN_H 1
| #define HAVE_STRING_H 1
| #define HAVE_STRINGS_H 1
| #define HAVE_TIME_H 1
| #define HAVE_UNISTD_H 1
| #define HAVE_NET_ETHERNET_H 1
| #define HAVE_LIBM 1
| #define HAVE_BCOPY 1
| #define HAVE_BZERO 1
| #define HAVE_FEENABLEEXCEPT 1
| #define HAVE_GETRUSAGE 1
| #define HAVE_SBRK 1
| #define HAVE_SNPRINTF 1
| #define RANDOM_RETURN_TYPE long
| #define HAVE_STRTOQ 1
| #define HAVE_STRTOLL 1
| #define SIZEOF_LONG 4
| #define HAVE_INT64 1
| #define HAVE_ETHER_HEADER_STRUCT 1
| #define HAVE_ETHER_ADDRESS_STRUCT 1
| /* end confdefs.h.  */
| /* Define addr2ascii to an innocuous variant, in case <limits.h> declares addr2ascii.
|    For example, HP-UX 11i <limits.h> declares gettimeofday.  */
| #define addr2ascii innocuous_addr2ascii
| 
| /* System header to define __stub macros and hopefully few prototypes,
|     which can conflict with char addr2ascii (); below.
|     Prefer <limits.h> to <assert.h> if __STDC__ is defined, since
|     <limits.h> exists even on freestanding compilers.  */
| 
| #ifdef __STDC__
| # include <limits.h>
| #else
| # include <assert.h>
| #endif
| 
| #undef addr2ascii
| 
| /* Override any gcc2 internal prototype to avoid an error.  */
| #ifdef __cplusplus
| extern "C"
| {
| #endif
| /* We use char because int might match the return type of a gcc2
|    builtin and then its argument prototype would still apply.  */
| char addr2ascii ();
| /* The GNU C library defines this for functions which it implements
|     to always fail with ENOSYS.  Some functions are actually named
|     something starting with __ and the normal name is an alias.  */
| #if defined (__stub_addr2ascii) || defined (__stub___addr2ascii)
| choke me
| #else
| char (*f) () = addr2ascii;
| #endif
| #ifdef __cplusplus
| }
| #endif
| 
| int
| main ()
| {
| return f != addr2ascii;
|   ;
|   return 0;
| }
configure:9890: result: no
configure:9921: gcc -o conftest -g -O2   -Wl,-export-dynamic conftest.c -lm  >&5
configure:9924: $? = 0
configure:9926: ./conftest
configure:9929: $? = 0
configure:9947: checking for Linux compliant tcphdr
configure:9976: gcc -c -g -O2  conftest.c >&5
configure:9982: $? = 0
configure:9986: test -z 
			 || test ! -s conftest.err
configure:9989: $? = 0
configure:9992: test -s conftest.o
configure:9995: $? = 0
configure:9999: result: found
configure:10014: checking for BSD compliant tcphdr
configure:10043: gcc -c -g -O2  conftest.c >&5
conftest.c: In function 'main':
conftest.c:69: error: 'struct tcphdr' has no member named 'th_sport'
configure:10049: $? = 1
configure: failed program was:
| /* confdefs.h.  */
| 
| #define PACKAGE_NAME ""
| #define PACKAGE_TARNAME ""
| #define PACKAGE_VERSION ""
| #define PACKAGE_STRING ""
| #define PACKAGE_BUGREPORT ""
| #define _GNU_SOURCE 1
| #ifdef __cplusplus
| extern "C" void exit (int) throw ();
| #endif
| #define STDC_HEADERS 1
| #define HAVE_SYS_TYPES_H 1
| #define HAVE_SYS_STAT_H 1
| #define HAVE_STDLIB_H 1
| #define HAVE_STRING_H 1
| #define HAVE_MEMORY_H 1
| #define HAVE_STRINGS_H 1
| #define HAVE_INTTYPES_H 1
| #define HAVE_STDINT_H 1
| #define HAVE_UNISTD_H 1
| #define HAVE_STRING_H 1
| #define HAVE_STL 1
| #define CPP_REQUIRES_NAMESPACE 1
| #define HAVE_TCL_H 1
| #define HAVE_LIBTCL8_4 1
| #define HAVE_TK_H 1
| #define HAVE_LIBTK8_4 1
| #define HAVE_OTCL_H 1
| #define HAVE_LIBOTCL1_13 1
| #define HAVE_TCLCL_H 1
| #define HAVE_LIBTCLCL 1
| #define STDC_HEADERS 1
| #define HAVE_ARPA_INET_H 1
| #define HAVE_FENV_H 1
| #define HAVE_NETINET_IN_H 1
| #define HAVE_STRING_H 1
| #define HAVE_STRINGS_H 1
| #define HAVE_TIME_H 1
| #define HAVE_UNISTD_H 1
| #define HAVE_NET_ETHERNET_H 1
| #define HAVE_LIBM 1
| #define HAVE_BCOPY 1
| #define HAVE_BZERO 1
| #define HAVE_FEENABLEEXCEPT 1
| #define HAVE_GETRUSAGE 1
| #define HAVE_SBRK 1
| #define HAVE_SNPRINTF 1
| #define RANDOM_RETURN_TYPE long
| #define HAVE_STRTOQ 1
| #define HAVE_STRTOLL 1
| #define SIZEOF_LONG 4
| #define HAVE_INT64 1
| #define HAVE_ETHER_HEADER_STRUCT 1
| #define HAVE_ETHER_ADDRESS_STRUCT 1
| #define HAVE_SIOCGIFHWADDR 1
| /* end confdefs.h.  */
| 
| #include <stdio.h>
| #include <netinet/tcp.h>
| 
| int
| main ()
| {
| 
| int main()
| {
| 	struct tcphdr *tcp;
| 	tcp->th_sport= 1;
| 
| 	return 0;
| }
| 
|   ;
|   return 0;
| }
configure:10074: result: not found
configure:10080: checking for socklen_t
configure:10103: gcc -c -g -O2  conftest.c >&5
configure:10109: $? = 0
configure:10113: test -z 
			 || test ! -s conftest.err
configure:10116: $? = 0
configure:10119: test -s conftest.o
configure:10122: $? = 0
configure:10134: result: yes
configure:10147: checking for main in -lpcap
configure:10171: gcc -o conftest -g -O2   -Wl,-export-dynamic conftest.c -lpcap  -lm  >&5
configure:10177: $? = 0
configure:10181: test -z 
			 || test ! -s conftest.err
configure:10184: $? = 0
configure:10187: test -s conftest
configure:10190: $? = 0
configure:10203: result: yes
configure:10212: checking to make nse
configure:10216: result: yes
configure:10268: checking for dlopen in -ldl
configure:10330: result: yes
configure:10525: checking for a BSD-compatible install
configure:10580: result: /usr/bin/install -c
configure:10689: creating ./config.status

## ---------------------- ##
## Running config.status. ##
## ---------------------- ##

This file was extended by config.status, which was
generated by GNU Autoconf 2.59.  Invocation command line was

  CONFIG_FILES    = 
  CONFIG_HEADERS  = 
  CONFIG_LINKS    = 
  CONFIG_COMMANDS = 
  $ ./config.status 

on cuong-laptop

config.status:717: creating Makefile
config.status:717: creating tcl/lib/ns-autoconf.tcl
config.status:717: creating indep-utils/webtrace-conv/ucb/Makefile
config.status:717: creating indep-utils/webtrace-conv/dec/Makefile
config.status:717: creating indep-utils/webtrace-conv/nlanr/Makefile
config.status:717: creating indep-utils/webtrace-conv/epa/Makefile
config.status:717: creating indep-utils/cmu-scen-gen/setdest/Makefile
config.status:821: creating autoconf.h
config.status:1015: autoconf.h is unchanged

## ---------------- ##
## Cache variables. ##
## ---------------- ##

ac_cv_build=i686-pc-linux-gnu
ac_cv_build_alias=i686-pc-linux-gnu
ac_cv_c_compiler_gnu=yes
ac_cv_cxx_compiler_gnu=yes
ac_cv_env_CC_set=
ac_cv_env_CC_value=
ac_cv_env_CFLAGS_set=
ac_cv_env_CFLAGS_value=
ac_cv_env_CPPFLAGS_set=
ac_cv_env_CPPFLAGS_value=
ac_cv_env_CPP_set=
ac_cv_env_CPP_value=
ac_cv_env_CXXFLAGS_set=
ac_cv_env_CXXFLAGS_value=
ac_cv_env_CXX_set=
ac_cv_env_CXX_value=
ac_cv_env_LDFLAGS_set=
ac_cv_env_LDFLAGS_value=
ac_cv_env_build_alias_set=
ac_cv_env_build_alias_value=
ac_cv_env_host_alias_set=
ac_cv_env_host_alias_value=
ac_cv_env_target_alias_set=
ac_cv_env_target_alias_value=
ac_cv_exeext=
ac_cv_func_addr2ascii=no
ac_cv_func_bcopy=yes
ac_cv_func_bzero=yes
ac_cv_func_feenableexcept=yes
ac_cv_func_fesetprecision=no
ac_cv_func_getrusage=yes
ac_cv_func_sbrk=yes
ac_cv_func_snprintf=yes
ac_cv_func_strtoll=yes
ac_cv_func_strtoq=yes
ac_cv_header_arpa_inet_h=yes
ac_cv_header_dlfcn_h=yes
ac_cv_header_fenv_h=yes
ac_cv_header_inttypes_h=yes
ac_cv_header_memory_h=yes
ac_cv_header_net_ethernet_h=yes
ac_cv_header_netinet_in_h=yes
ac_cv_header_stdc=yes
ac_cv_header_stdint_h=yes
ac_cv_header_stdlib_h=yes
ac_cv_header_string_h=yes
ac_cv_header_strings_h=yes
ac_cv_header_sys_stat_h=yes
ac_cv_header_sys_types_h=yes
ac_cv_header_time_h=yes
ac_cv_header_unistd_h=yes
ac_cv_host=i686-pc-linux-gnu
ac_cv_host_alias=i686-pc-linux-gnu
ac_cv_lib_X11_XOpenDisplay=yes
ac_cv_lib_Xbsd_main=no
ac_cv_lib_Xext_XShmAttach=yes
ac_cv_lib_dl_dlopen=yes
ac_cv_lib_dnet_stub_getnodebyname=no
ac_cv_lib_intl_dcgettext=no
ac_cv_lib_m_main=yes
ac_cv_lib_nsl_gethostbyname=yes
ac_cv_lib_pcap_main=yes
ac_cv_lib_socket_socket=no
ac_cv_objext=o
ac_cv_path_V_TCLSH=../bin/tclsh8.4
ac_cv_path_install='/usr/bin/install -c'
ac_cv_prog_CPP='gcc -E'
ac_cv_prog_ac_ct_CC=gcc
ac_cv_prog_ac_ct_CXX=g++
ac_cv_prog_cc_g=yes
ac_cv_prog_cc_stdc=
ac_cv_prog_cxx_g=yes
ac_cv_prog_egrep='grep -E'
ac_cv_sizeof_long=4
ac_cv_target=i686-pc-linux-gnu
ac_cv_target_alias=i686-pc-linux-gnu
ac_cv_type_int16_t=yes
ac_cv_type_int32_t=yes
ac_cv_type_int64_t=yes
ac_cv_type_int8_t=yes
ac_cv_type_long=yes
ac_cv_type_socklen_t=yes
ac_cv_type_u_char=yes
ac_cv_type_u_int=yes
ac_cv_type_u_int16_t=yes
ac_cv_type_u_int32_t=yes
ac_cv_type_u_int8_t=yes

## ----------------- ##
## Output variables. ##
## ----------------- ##

CC='gcc'
CFLAGS='-g -O2'
CPP='gcc -E'
CPPFLAGS=''
CPP_NAMESPACE='std'
CXX='g++'
CXXFLAGS='-g -O2'
DEFS='-DHAVE_CONFIG_H'
DL_LD_FLAGS='-rdynamic'
DL_LD_SEARCH_FLAGS=''
DL_LIBS='-ldl'
ECHO_C=''
ECHO_N='-n'
ECHO_T=''
EGREP='grep -E'
EXEEXT=''
INSTALL_DATA='${INSTALL} -m 644'
INSTALL_PROGRAM='${INSTALL}'
INSTALL_SCRIPT='${INSTALL}'
LDFLAGS=' -Wl,-export-dynamic'
LIBOBJS=''
LIBS='-lm '
LTLIBOBJS=''
NSLIB='libns.so'
OBJEXT='o'
PACKAGE_BUGREPORT=''
PACKAGE_NAME=''
PACKAGE_STRING=''
PACKAGE_TARNAME=''
PACKAGE_VERSION=''
PATH_SEPARATOR=':'
PERL='/usr/bin/perl'
PKG_SHLIB_CFLAGS=''
SHELL='/bin/bash'
SHLIB_CFLAGS='-fPIC'
SHLIB_LD='gcc -shared'
SHLIB_LD_LIBS=''
SHLIB_SUFFIX='.so'
V_ALL=''
V_AR='ar cr'
V_BROKEN_OBJ=''
V_CCOPT=' -Wall'
V_DEFINE='-DTCLCL_CLASSINSTVAR  -DNDEBUG -DLINUX_TCP_HEADER -DUSE_SHM'
V_DEFINES='-DHAVE_LIBTCLCL -DHAVE_TCLCL_H -DHAVE_LIBOTCL1_13 -DHAVE_OTCL_H -DHAVE_LIBTK8_4 -DHAVE_TK_H -DHAVE_LIBTCL8_4 -DHAVE_TCL_H '
V_IMPORT_LIBS=''
V_INCLUDE=''
V_INCLUDES='-I/home/cuong/ns-allinone-2.34/tclcl-1.19 -I/home/cuong/ns-allinone-2.34/otcl -I/home/cuong/ns-allinone-2.34/include -I/home/cuong/ns-allinone-2.34/include -I/usr/include/pcap'
V_INCLUDE_X11=''
V_LIB=' -lnsl -lpcap -ldl'
V_LIBRARY_TCL='../lib/tcl8.4'
V_LIBRARY_TK='../lib/tk8.4'
V_LIBS='-L/home/cuong/ns-allinone-2.34/tclcl-1.19 -ltclcl -L/home/cuong/ns-allinone-2.34/otcl -lotcl -L/home/cuong/ns-allinone-2.34/lib -ltk8.4 -L/home/cuong/ns-allinone-2.34/lib -ltcl8.4'
V_LIB_OTCL='-L/home/cuong/ns-allinone-2.34/otcl -lotcl'
V_LIB_TCL='-L/home/cuong/ns-allinone-2.34/lib -ltcl8.4'
V_LIB_TCLCL='-L/home/cuong/ns-allinone-2.34/tclcl-1.19 -ltclcl'
V_LIB_TK='-L/home/cuong/ns-allinone-2.34/lib -ltk8.4'
V_LIB_X11='-lXext -lX11'
V_LSSCRIPT=''
V_NS_TCL_LIB_STL='$(NS_TCL_LIB_STL)'
V_OBJ=''
V_OBJ_CRYPT=''
V_RANLIB='ranlib'
V_SHELL=''
V_SIGRET='void'
V_STATIC=''
V_STLOBJ='$(OBJ_STL)'
V_TARCMD='tar cfh'
V_TAR_EXTRA=''
V_TAR_TARGET='linux-gnu'
V_TCL2CPP='../tclcl-1.19/tcl2c++'
V_TCLSH='/home/cuong/ns-allinone-2.34/bin/tclsh8.4'
V_TCL_LIBRARY_FILES='$(TCL_84_LIBRARY_FILES)'
V_TKDOSNAMES='$(LIBRARY_TK)/optMenu.tcl $(LIBRARY_TK)/scrlbar.tcl'
ac_ct_CC='gcc'
ac_ct_CXX='g++'
bindir='${exec_prefix}/bin'
build='i686-pc-linux-gnu'
build_alias=''
build_cpu='i686'
build_nse='nse'
build_os='linux-gnu'
build_vendor='pc'
datadir='${prefix}/share'
exec_prefix='${prefix}'
host='i686-pc-linux-gnu'
host_alias=''
host_cpu='i686'
host_os='linux-gnu'
host_vendor='pc'
includedir='${prefix}/include'
infodir='${prefix}/info'
libdir='${exec_prefix}/lib'
libexecdir='${exec_prefix}/libexec'
localstatedir='${prefix}/var'
mandir='${prefix}/man'
oldincludedir='/usr/include'
prefix='/usr/local'
program_transform_name='s,x,x,'
sbindir='${exec_prefix}/sbin'
sharedstatedir='${prefix}/com'
sysconfdir='${prefix}/etc'
target='i686-pc-linux-gnu'
target_alias=''
target_cpu='i686'
target_os='linux-gnu'
target_vendor='pc'

## ----------- ##
## confdefs.h. ##
## ----------- ##

#define CPP_REQUIRES_NAMESPACE 1
#define HAVE_ARPA_INET_H 1
#define HAVE_BCOPY 1
#define HAVE_BZERO 1
#define HAVE_ETHER_ADDRESS_STRUCT 1
#define HAVE_ETHER_HEADER_STRUCT 1
#define HAVE_FEENABLEEXCEPT 1
#define HAVE_FENV_H 1
#define HAVE_GETRUSAGE 1
#define HAVE_INT64 1
#define HAVE_INTTYPES_H 1
#define HAVE_LIBM 1
#define HAVE_LIBOTCL1_13 1
#define HAVE_LIBTCL8_4 1
#define HAVE_LIBTCLCL 1
#define HAVE_LIBTK8_4 1
#define HAVE_MEMORY_H 1
#define HAVE_NETINET_IN_H 1
#define HAVE_NET_ETHERNET_H 1
#define HAVE_OTCL_H 1
#define HAVE_SBRK 1
#define HAVE_SIOCGIFHWADDR 1
#define HAVE_SNPRINTF 1
#define HAVE_SOCKLEN_T 1
#define HAVE_STDINT_H 1
#define HAVE_STDLIB_H 1
#define HAVE_STL 1
#define HAVE_STRINGS_H 1
#define HAVE_STRINGS_H 1
#define HAVE_STRING_H 1
#define HAVE_STRING_H 1
#define HAVE_STRING_H 1
#define HAVE_STRTOLL 1
#define HAVE_STRTOQ 1
#define HAVE_SYS_STAT_H 1
#define HAVE_SYS_TYPES_H 1
#define HAVE_TCLCL_H 1
#define HAVE_TCL_H 1
#define HAVE_TIME_H 1
#define HAVE_TK_H 1
#define HAVE_UNISTD_H 1
#define HAVE_UNISTD_H 1
#define PACKAGE_BUGREPORT ""
#define PACKAGE_NAME ""
#define PACKAGE_STRING ""
#define PACKAGE_TARNAME ""
#define PACKAGE_VERSION ""
#define RANDOM_RETURN_TYPE long
#define SIZEOF_LONG 4
#define STDC_HEADERS 1
#define STDC_HEADERS 1
#define _GNU_SOURCE 1
#endif
#ifdef __cplusplus
extern "C" void exit (int) throw ();

configure: exit 0
